<?xml version="1.0" encoding="UTF-8"?>
<!-- Generated by org.testng.reporters.JUnitReportReporter -->
<testsuite hostname="ATMECSBLRLT-216" failures="0" tests="2" name="com.atmecs.qa.SampleProject.testscript.SampleRegistrationTestScript" time="20.215" errors="0" timestamp="14 Sep 2022 19:48:15 GMT" skipped="0">
  <testcase classname="com.atmecs.qa.SampleProject.testscript.SampleRegistrationTestScript" name="userRegistration" time="4.742"/>
  <testcase classname="com.atmecs.qa.SampleProject.testscript.SampleRegistrationTestScript" name="launchApplication" time="15.473"/>
</testsuite> <!-- com.atmecs.qa.SampleProject.testscript.SampleRegistrationTestScript -->
