<?xml version="1.0" encoding="UTF-8"?>
<!-- Generated by org.testng.reporters.JUnitReportReporter -->
<testsuite hostname="ATMECSBLRLT-216" failures="0" tests="1" name="com.atmecs.qa.SampleProject.testscript.FalconWebPage" time="37.933" errors="0" timestamp="25 Sep 2022 19:11:13 GMT" skipped="0">
  <testcase classname="com.atmecs.qa.SampleProject.testscript.FalconWebPage" name="webpage" time="37.933"/>
</testsuite> <!-- com.atmecs.qa.SampleProject.testscript.FalconWebPage -->
