<?xml version="1.0" encoding="UTF-8"?>
<!-- Generated by org.testng.reporters.JUnitReportReporter -->
<testsuite hostname="ATMECSBLRLT-216" failures="0" tests="1" name="com.atmecs.qa.SampleProject.testscript.UserLogin" time="17.645" errors="0" timestamp="15 Sep 2022 07:19:26 GMT" skipped="0">
  <testcase classname="com.atmecs.qa.SampleProject.testscript.UserLogin" name="login" time="17.645"/>
</testsuite> <!-- com.atmecs.qa.SampleProject.testscript.UserLogin -->
