<?xml version="1.0" encoding="UTF-8"?>
<!-- Generated by org.testng.reporters.JUnitReportReporter -->
<testsuite hostname="ATMECSBLRLT-216" failures="0" tests="2" name="com.atmecs.qa.SampleProject.testscript.RegistrationTestScript" time="4.180" errors="0" timestamp="16 Sep 2022 07:03:26 GMT" skipped="0">
  <testcase classname="com.atmecs.qa.SampleProject.testscript.RegistrationTestScript" name="launchApplication" time="2.486"/>
  <testcase classname="com.atmecs.qa.SampleProject.testscript.RegistrationTestScript" name="userLogin" time="1.694"/>
</testsuite> <!-- com.atmecs.qa.SampleProject.testscript.RegistrationTestScript -->
