<?xml version="1.0" encoding="UTF-8"?>
<!-- Generated by org.testng.reporters.JUnitReportReporter -->
<testsuite hostname="DESKTOP-EBMF6A6" failures="0" tests="2" name="com.reskill.testscripts.ModifiedSutdentRegistration" time="54.700" errors="0" timestamp="2022-08-23T14:31:36 IST" skipped="0">
  <testcase classname="com.reskill.testscripts.ModifiedSutdentRegistration" name="studentRegistration" time="27.902"/>
  <system-out/>
  <testcase classname="com.reskill.testscripts.ModifiedSutdentRegistration" name="launchBrowser" time="26.798"/>
  <system-out/>
</testsuite> <!-- com.reskill.testscripts.ModifiedSutdentRegistration -->
