<?xml version="1.0" encoding="UTF-8"?>
<!-- Generated by org.testng.reporters.JUnitReportReporter -->
<testsuite hostname="DESKTOP-EBMF6A6" failures="0" tests="1" name="com.reskill.testscripts.SutdentRegistration" time="6.331" errors="0" timestamp="2022-08-24T00:55:59 IST" skipped="0">
  <testcase classname="com.reskill.testscripts.SutdentRegistration" name="studentRegistration" time="6.331"/>
  <system-out/>
</testsuite> <!-- com.reskill.testscripts.SutdentRegistration -->
