<?xml version="1.0" encoding="UTF-8"?>
<!-- Generated by org.testng.reporters.JUnitReportReporter -->
<testsuite hostname="ATMECSCBELT-013" failures="0" tests="1" name="org.atmecs.orangehrm.testscripts.ValidateLocationInDirectory" time="12.471" errors="0" timestamp="2023-01-23T06:58:22 IST" skipped="0">
  <testcase classname="org.atmecs.orangehrm.testscripts.ValidateLocationInDirectory" name="validateLogin" time="12.471"/>
  <system-out/>
</testsuite> <!-- org.atmecs.orangehrm.testscripts.ValidateLocationInDirectory -->
