<?xml version="1.0" encoding="UTF-8"?>
<!-- Generated by org.testng.reporters.JUnitReportReporter -->
<testsuite hostname="ATMECSCBELT-013" failures="0" tests="1" name="org.atmecs.orangehrm.testscripts.ValidateEmployeeEntryInPIM" time="86.368" errors="0" timestamp="2023-01-23T09:20:11 IST" skipped="0">
  <testcase classname="org.atmecs.orangehrm.testscripts.ValidateEmployeeEntryInPIM" name="validateLogin" time="86.368"/>
  <system-out/>
</testsuite> <!-- org.atmecs.orangehrm.testscripts.ValidateEmployeeEntryInPIM -->
