<?xml version="1.0" encoding="UTF-8"?>
<!-- Generated by org.testng.reporters.JUnitReportReporter -->
<testsuite hostname="ATMECSCBELT-013" failures="0" tests="1" name="org.atmecs.orangehrm.testscripts.ValidateJobTitleInDirectory" time="12.750" errors="0" timestamp="2023-01-23T06:36:17 IST" skipped="0">
  <testcase classname="org.atmecs.orangehrm.testscripts.ValidateJobTitleInDirectory" name="validateLogin" time="12.750"/>
  <system-out/>
</testsuite> <!-- org.atmecs.orangehrm.testscripts.ValidateJobTitleInDirectory -->
