<?xml version="1.0" encoding="UTF-8"?>
<!-- Generated by org.testng.reporters.JUnitReportReporter -->
<testsuite hostname="ATMECSCBELT-013" failures="0" tests="3" name="org.atmecs.orangehrm.testscripts.PIMPage" time="118.960" errors="0" timestamp="2023-02-06T15:06:26 IST" skipped="0">
  <testcase classname="org.atmecs.orangehrm.testscripts.PIMPage" name="login" time="0.025"/>
  <system-out/>
  <testcase classname="org.atmecs.orangehrm.testscripts.PIMPage" name="addEmployee_PIM" time="87.702"/>
  <system-out/>
  <testcase classname="org.atmecs.orangehrm.testscripts.PIMPage" name="verifyEmployee_PIM" time="31.233"/>
  <system-out/>
</testsuite> <!-- org.atmecs.orangehrm.testscripts.PIMPage -->
