<?xml version="1.0" encoding="UTF-8"?>
<!-- Generated by org.testng.reporters.JUnitReportReporter -->
<testsuite hostname="ATMECSCBELT-013" failures="0" tests="10" name="org.atmecs.orangehrm.testscripts.AdminPage" time="205.141" errors="0" timestamp="2023-02-06T15:06:26 IST" skipped="0">
  <testcase classname="org.atmecs.orangehrm.testscripts.AdminPage" name="login" time="0.029"/>
  <system-out/>
  <testcase classname="org.atmecs.orangehrm.testscripts.AdminPage" name="searchUser_Admin_User" time="13.944"/>
  <system-out/>
  <testcase classname="org.atmecs.orangehrm.testscripts.AdminPage" name="deleteUser_Admin_User" time="13.941"/>
  <system-out/>
  <testcase classname="org.atmecs.orangehrm.testscripts.AdminPage" name="addStatus_Admin_Job" time="13.893"/>
  <system-out/>
  <testcase classname="org.atmecs.orangehrm.testscripts.AdminPage" name="editStatus_Admin_Job" time="12.207"/>
  <system-out/>
  <testcase classname="org.atmecs.orangehrm.testscripts.AdminPage" name="deleteStatus_Admin_Job" time="6.324"/>
  <system-out/>
  <testcase classname="org.atmecs.orangehrm.testscripts.AdminPage" name="addShift_Admin_Job" time="31.653"/>
  <system-out/>
  <testcase classname="org.atmecs.orangehrm.testscripts.AdminPage" name="deleteShift_Admin_Job" time="6.841"/>
  <system-out/>
  <testcase classname="org.atmecs.orangehrm.testscripts.AdminPage" name="addLocation_Admin_Location" time="88.765"/>
  <system-out/>
  <testcase classname="org.atmecs.orangehrm.testscripts.AdminPage" name="searchLocation_Admin_Location" time="17.544"/>
  <system-out/>
</testsuite> <!-- org.atmecs.orangehrm.testscripts.AdminPage -->
