<?xml version="1.0" encoding="UTF-8"?>
<!-- Generated by org.testng.reporters.JUnitReportReporter -->
<testsuite hostname="ATMECSCBELT-013" failures="0" tests="2" name="org.atmecs.orangehrm.testscripts.AddEmployeeInPIM" time="154.990" errors="0" timestamp="2023-01-23T06:26:54 IST" skipped="0">
  <testcase classname="org.atmecs.orangehrm.testscripts.AddEmployeeInPIM" name="validateLogin" time="85.222"/>
  <system-out/>
  <testcase classname="org.atmecs.orangehrm.testscripts.AddEmployeeInPIM" name="validateLogin" time="69.768"/>
  <system-out/>
</testsuite> <!-- org.atmecs.orangehrm.testscripts.AddEmployeeInPIM -->
