<?xml version="1.0" encoding="UTF-8"?>
<!-- Generated by org.testng.reporters.JUnitReportReporter -->
<testsuite hostname="ATMECSCBELT-013" failures="0" tests="1" name="org.atmecs.orangehrm.runner.Runner" time="0.119" errors="0" timestamp="2023-02-03T19:06:48 IST" skipped="0">
  <testcase classname="org.atmecs.orangehrm.runner.Runner" name="running" time="0.119"/>
  <system-out/>
</testsuite> <!-- org.atmecs.orangehrm.runner.Runner -->
