<?xml version="1.0" encoding="UTF-8"?>
<!-- Generated by org.testng.reporters.JUnitReportReporter -->
<testsuite hostname="ATMECSCBELT-013" failures="0" tests="1" name="org.atmecs.orangehrm.testscripts.LoginPageValidation" time="12.505" errors="0" timestamp="2023-01-22T03:29:53 IST" skipped="0">
  <testcase classname="org.atmecs.orangehrm.testscripts.LoginPageValidation" name="validateLogin" time="12.505"/>
  <system-out/>
</testsuite> <!-- org.atmecs.orangehrm.testscripts.LoginPageValidation -->
