<?xml version="1.0" encoding="UTF-8"?>
<!-- Generated by org.testng.reporters.JUnitReportReporter -->
<testsuite hostname="ATMECSCBELT-013" failures="0" tests="4" name="org.atmecs.orangehrm.testscripts.DirectoryPage" time="80.806" errors="0" timestamp="2023-02-06T15:06:26 IST" skipped="0">
  <testcase classname="org.atmecs.orangehrm.testscripts.DirectoryPage" name="login" time="0.040"/>
  <system-out/>
  <testcase classname="org.atmecs.orangehrm.testscripts.DirectoryPage" name="directory_EmployeeName" time="13.564"/>
  <system-out/>
  <testcase classname="org.atmecs.orangehrm.testscripts.DirectoryPage" name="directory_JobTitle" time="54.865"/>
  <system-out/>
  <testcase classname="org.atmecs.orangehrm.testscripts.DirectoryPage" name="directory_Location" time="12.337"/>
  <system-out/>
</testsuite> <!-- org.atmecs.orangehrm.testscripts.DirectoryPage -->
