<?xml version="1.0" encoding="UTF-8"?>
<!-- Generated by org.testng.reporters.JUnitReportReporter -->
<testsuite hostname="ATMECSCBELT-013" failures="0" tests="1" name="org.atmecs.orangehrm.testscripts.ValidateEmployeeInDirectory" time="12.789" errors="0" timestamp="2023-01-23T06:34:48 IST" skipped="0">
  <testcase classname="org.atmecs.orangehrm.testscripts.ValidateEmployeeInDirectory" name="validateLogin" time="12.789"/>
  <system-out/>
</testsuite> <!-- org.atmecs.orangehrm.testscripts.ValidateEmployeeInDirectory -->
