<?xml version="1.0" encoding="UTF-8"?>
<!-- Generated by org.testng.reporters.JUnitReportReporter -->
<testsuite hostname="ATMECSCBELT-013" failures="0" tests="1" name="org.atmecs.orangehrm.testscripts.ValidateEmployeeEntry" time="87.224" errors="0" timestamp="2023-01-23T06:33:26 IST" skipped="0">
  <testcase classname="org.atmecs.orangehrm.testscripts.ValidateEmployeeEntry" name="validateLogin" time="87.224"/>
  <system-out/>
</testsuite> <!-- org.atmecs.orangehrm.testscripts.ValidateEmployeeEntry -->
