<?xml version="1.0" encoding="UTF-8"?>
<!-- Generated by org.testng.reporters.JUnitReportReporter -->
<testsuite hostname="ATMECSCBELT-013" failures="0" tests="3" name="org.atmecs.orangehrm.testscripts.LoginPage" time="21.252" errors="0" timestamp="2023-02-06T15:06:26 IST" skipped="0">
  <testcase classname="org.atmecs.orangehrm.testscripts.LoginPage" name="invalidCredentials" time="10.089"/>
  <system-out/>
  <testcase classname="org.atmecs.orangehrm.testscripts.LoginPage" name="emptyCredentials" time="5.509"/>
  <system-out/>
  <testcase classname="org.atmecs.orangehrm.testscripts.LoginPage" name="validCredentials" time="5.654"/>
  <system-out/>
</testsuite> <!-- org.atmecs.orangehrm.testscripts.LoginPage -->
