<?xml version="1.0" encoding="UTF-8"?>
<!-- Generated by org.testng.reporters.JUnitReportReporter -->
<testsuite hostname="ATMECSCBELT-022" failures="0" tests="1" name="org.qa.orangehrm.testdata.ExcelTestData" time="0.654" errors="0" timestamp="2023-03-09T16:49:11 IST" skipped="0">
  <testcase classname="org.qa.orangehrm.testdata.ExcelTestData" name="sample" time="0.654"/>
  <system-out/>
</testsuite> <!-- org.qa.orangehrm.testdata.ExcelTestData -->
