<?xml version="1.0" encoding="UTF-8"?>
<!-- Generated by org.testng.reporters.JUnitReportReporter -->
<testsuite hostname="ATMECSCBELT-022" failures="0" tests="1" name="org.qa.orangehrm.testscripts.VacancyTest" time="45.398" errors="0" timestamp="2023-03-17T15:00:32 IST" skipped="0">
  <testcase classname="org.qa.orangehrm.testscripts.VacancyTest" name="addVacancy" time="45.398"/>
  <system-out/>
</testsuite> <!-- org.qa.orangehrm.testscripts.VacancyTest -->
