<?xml version="1.0" encoding="UTF-8"?>
<!-- Generated by org.testng.reporters.JUnitReportReporter -->
<testsuite hostname="ATMECSCBELT-022" failures="0" tests="1" name="org.qa.orangehrm.pages.Empty" time="11.658" errors="0" timestamp="2023-03-11T20:14:17 IST" skipped="0">
  <testcase classname="org.qa.orangehrm.pages.Empty" name="employeeWebtables" time="11.658"/>
  <system-out/>
</testsuite> <!-- org.qa.orangehrm.pages.Empty -->
