<?xml version="1.0" encoding="UTF-8"?>
<!-- Generated by org.testng.reporters.JUnitReportReporter -->
<testsuite hostname="ATMECSCBELT-022" failures="0" tests="1" name="org.qa.orangehrm.runner.Runner" time="0.096" errors="0" timestamp="2023-03-20T16:59:54 IST" skipped="0">
  <testcase classname="org.qa.orangehrm.runner.Runner" name="running" time="0.096"/>
  <system-out/>
</testsuite> <!-- org.qa.orangehrm.runner.Runner -->
