<?xml version="1.0" encoding="UTF-8"?>
<!-- Generated by org.testng.reporters.JUnitReportReporter -->
<testsuite hostname="ATMECSCBELT-022" failures="0" tests="3" name="org.qa.orangehrm.testscripts.RecruitmentTest" time="90.959" errors="0" timestamp="2023-03-21T11:11:03 IST" skipped="0">
  <testcase classname="org.qa.orangehrm.testscripts.RecruitmentTest" name="addCandidateOne" time="38.695"/>
  <system-out/>
  <testcase classname="org.qa.orangehrm.testscripts.RecruitmentTest" name="addCandidateTwo" time="26.325"/>
  <system-out/>
  <testcase classname="org.qa.orangehrm.testscripts.RecruitmentTest" name="addCandidateThree" time="25.939"/>
  <system-out/>
</testsuite> <!-- org.qa.orangehrm.testscripts.RecruitmentTest -->
