<?xml version="1.0" encoding="UTF-8"?>
<!-- Generated by org.testng.reporters.JUnitReportReporter -->
<testsuite hostname="ATMECSCBELT-022" failures="0" tests="1" name="org.qa.orangehrm.testscripts.Sample" time="0.007" errors="0" timestamp="2023-03-08T10:49:57 IST" skipped="0">
  <testcase classname="org.qa.orangehrm.testscripts.Sample" name="Sample" time="0.007"/>
  <system-out/>
</testsuite> <!-- org.qa.orangehrm.testscripts.Sample -->
