<?xml version="1.0" encoding="UTF-8"?>
<!-- Generated by org.testng.reporters.JUnitReportReporter -->
<testsuite hostname="ATMECSCBELT-022" failures="0" tests="1" name="org.qa.orangehrm.testscripts.PerformanceTest" time="2.321" errors="0" timestamp="2023-03-17T11:29:01 IST" skipped="0">
  <testcase classname="org.qa.orangehrm.testscripts.PerformanceTest" name="performanceTab" time="2.321"/>
  <system-out/>
</testsuite> <!-- org.qa.orangehrm.testscripts.PerformanceTest -->
