<?xml version="1.0" encoding="UTF-8"?>
<!-- Generated by org.testng.reporters.JUnitReportReporter -->
<testsuite hostname="ATMECSINLT-1441" failures="0" tests="2" name="com.reskill.testscripts.SauceDemoLoginTest" time="0.385" errors="0" timestamp="2022-11-15T23:47:58 IST" skipped="0">
  <testcase classname="com.reskill.testscripts.SauceDemoLoginTest" name="validLoginTest" time="0.305"/>
  <system-out/>
  <testcase classname="com.reskill.testscripts.SauceDemoLoginTest" name="CheckUserNamesandPasswordTextPresent" time="0.080"/>
  <system-out/>
</testsuite> <!-- com.reskill.testscripts.SauceDemoLoginTest -->
