<?xml version="1.0" encoding="UTF-8"?>
<!-- Generated by org.testng.reporters.JUnitReportReporter -->
<testsuite hostname="ATMECSINLT-1441" failures="0" tests="1" name="com.reskill.testscripts.TestRunner" time="3.739" errors="0" timestamp="2022-11-07T19:24:52 IST" skipped="0">
  <testcase classname="com.reskill.testscripts.TestRunner" name="gettingUrl" time="3.739"/>
  <system-out/>
</testsuite> <!-- com.reskill.testscripts.TestRunner -->
